DEBUG tests/list_tests.c:104: ----- RUNNING: ./tests/list_tests
DEBUG tests/list_tests.c:94: 
----- test_create
DEBUG tests/list_tests.c:95: 
----- test_push_pop
[ERROR] (tests/list_tests.c:28: errno: None) Wrong last value
DEBUG tests/list_tests.c:104: ----- RUNNING: ./tests/list_tests
DEBUG tests/list_tests.c:94: 
----- test_create
DEBUG tests/list_tests.c:95: 
----- test_push_pop
[ERROR] (tests/list_tests.c:28: errno: None) Wrong last value
